{
  "RSpec": {
    "coverage": {
      "/Users/robin/Projects/boris-bikes/spec/bike_spec.rb": [
        1,
        null,
        1,
        2,
        null,
        2,
        null,
        null,
        1,
        1,
        1,
        1,
        null,
        null,
        null
      ],
      "/Users/robin/Projects/boris-bikes/lib/bike.rb": [
        1,
        null,
        1,
        9,
        null,
        null,
        1,
        5,
        null,
        null,
        1,
        4,
        null,
        null,
        1,
        1,
        null,
        null,
        null
      ],
      "/Users/robin/Projects/boris-bikes/spec/docking_station_spec.rb": [
        1,
        1,
        null,
        1,
        null,
        4,
        2,
        2,
        null,
        2,
        null,
        2,
        null,
        1,
        1,
        1,
        null,
        null,
        1,
        1,
        1,
        null,
        null,
        null,
        null,
        1,
        1,
        1,
        null,
        null,
        1,
        21,
        2,
        null,
        null,
        1,
        1,
        1,
        null,
        null,
        1,
        21,
        1,
        null,
        null,
        null,
        null,
        1,
        1,
        null,
        null,
        1,
        1,
        1,
        1,
        null,
        null,
        1,
        1,
        null,
        null,
        null,
        null
      ],
      "/Users/robin/Projects/boris-bikes/lib/docking_station.rb": [
        1,
        1,
        null,
        1,
        null,
        1,
        14,
        14,
        null,
        null,
        1,
        3,
        2,
        null,
        1,
        null,
        null,
        1,
        46,
        46,
        45,
        45,
        null,
        null,
        1,
        null,
        1,
        46,
        null,
        null,
        1,
        1,
        null,
        null,
        null
      ],
      "/Users/robin/Projects/boris-bikes/spec/garage_spec.rb": [
        1,
        null,
        1,
        null,
        1,
        null,
        null,
        1,
        1,
        1,
        1,
        1,
        1,
        1,
        null,
        null,
        null,
        null
      ],
      "/Users/robin/Projects/boris-bikes/lib/garage.rb": [
        1,
        null,
        1,
        null,
        1,
        null,
        1,
        3,
        null,
        null,
        null,
        null
      ],
      "/Users/robin/Projects/boris-bikes/spec/van_spec.rb": [
        1,
        null,
        null,
        1,
        null,
        1,
        1,
        1,
        1,
        1,
        1,
        1,
        null,
        null,
        1,
        1,
        1,
        1,
        1,
        1,
        null,
        null,
        null,
        null,
        1,
        1,
        1,
        1,
        1,
        1,
        1,
        1,
        1,
        null,
        null,
        null,
        null,
        1,
        1,
        1,
        1,
        1,
        1,
        1,
        1,
        null,
        null,
        null,
        1,
        1,
        1,
        1,
        1,
        1,
        1,
        1,
        null,
        null,
        null,
        null,
        null,
        null
      ],
      "/Users/robin/Projects/boris-bikes/lib/van.rb": [
        1,
        null,
        1,
        null,
        1,
        5,
        null,
        null,
        1,
        3,
        3,
        null,
        null,
        null,
        1,
        1,
        null,
        null,
        1,
        1,
        null,
        null,
        1,
        1,
        null,
        null,
        null
      ]
    },
    "timestamp": 1538742382
  }
}
